2025-08-19 18:14:25 [main] INFO  c.c.s.SecuritycontabilApplicationTests - Starting SecuritycontabilApplicationTests using Java 21.0.6 with PID 11472 (started by heleno in D:\testejava\securitycontabil)
2025-08-19 18:14:25 [main] INFO  c.c.s.SecuritycontabilApplicationTests - The following 1 profile is active: "test"
2025-08-19 18:14:28 [main] INFO  c.c.s.SecuritycontabilApplicationTests - Started SecuritycontabilApplicationTests in 4.409 seconds (process running for 7.067)
2025-08-19 18:36:45 [main] INFO  c.c.s.SecuritycontabilApplication - Starting SecuritycontabilApplication using Java 21.0.6 with PID 19368 (D:\testejava\securitycontabil\target\classes started by heleno in D:\testejava\securitycontabil)
2025-08-19 18:36:45 [main] INFO  c.c.s.SecuritycontabilApplication - The following 1 profile is active: "test"
2025-08-19 18:36:47 [main] INFO  o.s.b.w.e.tomcat.TomcatWebServer - Tomcat initialized with port 8585 (http)
2025-08-19 18:36:47 [main] INFO  o.a.coyote.http11.Http11NioProtocol - Initializing ProtocolHandler ["http-nio-8585"]
2025-08-19 18:36:47 [main] INFO  o.a.catalina.core.StandardService - Starting service [Tomcat]
2025-08-19 18:36:47 [main] INFO  o.a.catalina.core.StandardEngine - Starting Servlet engine: [Apache Tomcat/10.1.43]
2025-08-19 18:36:47 [main] INFO  o.a.c.c.C.[Tomcat].[localhost].[/] - Initializing Spring embedded WebApplicationContext
2025-08-19 18:36:47 [main] INFO  o.s.b.w.s.c.ServletWebServerApplicationContext - Root WebApplicationContext: initialization completed in 1607 ms
2025-08-19 18:36:48 [main] INFO  o.a.coyote.http11.Http11NioProtocol - Starting ProtocolHandler ["http-nio-8585"]
2025-08-19 18:36:48 [main] WARN  o.s.b.w.s.c.AnnotationConfigServletWebServerApplicationContext - Exception encountered during context initialization - cancelling refresh attempt: org.springframework.context.ApplicationContextException: Failed to start bean 'webServerStartStop'
2025-08-19 18:36:48 [main] INFO  o.s.b.a.l.ConditionEvaluationReportLogger - 

Error starting ApplicationContext. To display the condition evaluation report re-run your application with 'debug' enabled.
2025-08-19 18:36:48 [main] ERROR o.s.b.d.LoggingFailureAnalysisReporter - 

***************************
APPLICATION FAILED TO START
***************************

Description:

Web server failed to start. Port 8585 was already in use.

Action:

Identify and stop the process that's listening on port 8585 or configure this application to listen on another port.

2025-08-19 18:39:59 [main] INFO  c.c.s.SecuritycontabilApplication - Starting SecuritycontabilApplication using Java 21.0.6 with PID 19028 (D:\testejava\securitycontabil\target\classes started by heleno in D:\testejava\securitycontabil)
2025-08-19 18:39:59 [main] INFO  c.c.s.SecuritycontabilApplication - The following 1 profile is active: "test"
2025-08-19 18:40:02 [main] INFO  o.s.b.w.e.tomcat.TomcatWebServer - Tomcat initialized with port 8585 (http)
2025-08-19 18:40:02 [main] INFO  o.a.coyote.http11.Http11NioProtocol - Initializing ProtocolHandler ["http-nio-8585"]
2025-08-19 18:40:02 [main] INFO  o.a.catalina.core.StandardService - Starting service [Tomcat]
2025-08-19 18:40:02 [main] INFO  o.a.catalina.core.StandardEngine - Starting Servlet engine: [Apache Tomcat/10.1.43]
2025-08-19 18:40:02 [main] INFO  o.a.c.c.C.[Tomcat].[localhost].[/] - Initializing Spring embedded WebApplicationContext
2025-08-19 18:40:02 [main] INFO  o.s.b.w.s.c.ServletWebServerApplicationContext - Root WebApplicationContext: initialization completed in 2267 ms
2025-08-19 18:40:02 [main] INFO  o.a.coyote.http11.Http11NioProtocol - Starting ProtocolHandler ["http-nio-8585"]
2025-08-19 18:40:02 [main] INFO  o.s.b.w.e.tomcat.TomcatWebServer - Tomcat started on port 8585 (http) with context path '/'
2025-08-19 18:40:02 [main] INFO  c.c.s.SecuritycontabilApplication - Started SecuritycontabilApplication in 4.005 seconds (process running for 5.62)
2025-08-19 18:40:03 [main] INFO  c.c.s.services.TokenService - >>> Enviando JSON para API externa: {"cnpj":"04585532000199","password":""}
2025-08-19 18:40:04 [main] INFO  c.c.s.services.TokenService - >>> JSON salvo com sucesso em: C:/conttrol/token_contabilidade_04585532000199.json
2025-08-19 18:40:04 [main] INFO  c.c.s.services.TokenService - >>> Servidor DTO recebido: ServidorDTO [id=1014-71C7-A96A-6C41-1CA2-B745-B930-1AAD_00000000000000, idServidor=1014-71C7-A96A-6C41-1CA2-B745-B930-1AAD, grupo=, nome=DAX OIL REFINARIA - NOVO2, criacao=2025-04-14T09:38:53.015125600, listaCNPJ=[04585532000199, 04585532000350], sistemas=[SistemaDTO [id=5, sistema=FISCAL, modulos=[ModuloDTO [id=0, modulo=TODOS, status=1, listaCNPJ=[04585532000199], settings=SettingsDTO [idModulo=0, idSistema=5, qtdeUsers=1, statusFin=N, habilitado=A, observacao=]]]], SistemaDTO [id=6, sistema=CONTABIL, modulos=[ModuloDTO [id=0, modulo=TODOS, status=1, listaCNPJ=[04585532000199], settings=SettingsDTO [idModulo=0, idSistema=6, qtdeUsers=1, statusFin=N, habilitado=A, observacao=]]]], SistemaDTO [id=7, sistema=FOLHA, modulos=[ModuloDTO [id=0, modulo=TODOS, status=1, listaCNPJ=[04585532000199], settings=SettingsDTO [idModulo=0, idSistema=7, qtdeUsers=1, statusFin=N, habilitado=A, observacao=]]]]]]
2025-08-19 18:40:04 [main] INFO  c.c.s.services.TokenService - >>> Lista de sistemas: [SistemaDTO [id=5, sistema=FISCAL, modulos=[ModuloDTO [id=0, modulo=TODOS, status=1, listaCNPJ=[04585532000199], settings=SettingsDTO [idModulo=0, idSistema=5, qtdeUsers=1, statusFin=N, habilitado=A, observacao=]]]], SistemaDTO [id=6, sistema=CONTABIL, modulos=[ModuloDTO [id=0, modulo=TODOS, status=1, listaCNPJ=[04585532000199], settings=SettingsDTO [idModulo=0, idSistema=6, qtdeUsers=1, statusFin=N, habilitado=A, observacao=]]]], SistemaDTO [id=7, sistema=FOLHA, modulos=[ModuloDTO [id=0, modulo=TODOS, status=1, listaCNPJ=[04585532000199], settings=SettingsDTO [idModulo=0, idSistema=7, qtdeUsers=1, statusFin=N, habilitado=A, observacao=]]]]]
2025-08-19 18:40:04 [main] INFO  c.c.s.services.TokenService - >>> Sistema: SistemaDTO [id=5, sistema=FISCAL, modulos=[ModuloDTO [id=0, modulo=TODOS, status=1, listaCNPJ=[04585532000199], settings=SettingsDTO [idModulo=0, idSistema=5, qtdeUsers=1, statusFin=N, habilitado=A, observacao=]]]]
2025-08-19 18:40:04 [main] INFO  c.c.s.services.TokenService - >>> Módulo: ModuloDTO [id=0, modulo=TODOS, status=1, listaCNPJ=[04585532000199], settings=SettingsDTO [idModulo=0, idSistema=5, qtdeUsers=1, statusFin=N, habilitado=A, observacao=]]
2025-08-19 18:40:04 [main] INFO  c.c.s.services.TokenService - >>> Settings do módulo: SettingsDTO [idModulo=0, idSistema=5, qtdeUsers=1, statusFin=N, habilitado=A, observacao=]
2025-08-19 18:40:04 [main] INFO  c.c.s.services.TokenService - >>> Sistema: SistemaDTO [id=6, sistema=CONTABIL, modulos=[ModuloDTO [id=0, modulo=TODOS, status=1, listaCNPJ=[04585532000199], settings=SettingsDTO [idModulo=0, idSistema=6, qtdeUsers=1, statusFin=N, habilitado=A, observacao=]]]]
2025-08-19 18:40:04 [main] INFO  c.c.s.services.TokenService - >>> Módulo: ModuloDTO [id=0, modulo=TODOS, status=1, listaCNPJ=[04585532000199], settings=SettingsDTO [idModulo=0, idSistema=6, qtdeUsers=1, statusFin=N, habilitado=A, observacao=]]
2025-08-19 18:40:04 [main] INFO  c.c.s.services.TokenService - >>> Settings do módulo: SettingsDTO [idModulo=0, idSistema=6, qtdeUsers=1, statusFin=N, habilitado=A, observacao=]
2025-08-19 18:40:04 [main] INFO  c.c.s.services.TokenService - >>> Sistema: SistemaDTO [id=7, sistema=FOLHA, modulos=[ModuloDTO [id=0, modulo=TODOS, status=1, listaCNPJ=[04585532000199], settings=SettingsDTO [idModulo=0, idSistema=7, qtdeUsers=1, statusFin=N, habilitado=A, observacao=]]]]
2025-08-19 18:40:04 [main] INFO  c.c.s.services.TokenService - >>> Módulo: ModuloDTO [id=0, modulo=TODOS, status=1, listaCNPJ=[04585532000199], settings=SettingsDTO [idModulo=0, idSistema=7, qtdeUsers=1, statusFin=N, habilitado=A, observacao=]]
2025-08-19 18:40:04 [main] INFO  c.c.s.services.TokenService - >>> Settings do módulo: SettingsDTO [idModulo=0, idSistema=7, qtdeUsers=1, statusFin=N, habilitado=A, observacao=]
2025-08-19 18:40:04 [main] INFO  c.c.s.services.TokenService - >>> DTO recebido: TokenRetornoApiContabilidadeDTO [id=a483be82b1396ee1d767a7aaf61393b6, cnpj=04585532000199, validade=2025-08-20T18:40:05.485674, servidor=ServidorDTO [id=1014-71C7-A96A-6C41-1CA2-B745-B930-1AAD_00000000000000, idServidor=1014-71C7-A96A-6C41-1CA2-B745-B930-1AAD, grupo=, nome=DAX OIL REFINARIA - NOVO2, criacao=2025-04-14T09:38:53.015125600, listaCNPJ=[04585532000199, 04585532000350], sistemas=[SistemaDTO [id=5, sistema=FISCAL, modulos=[ModuloDTO [id=0, modulo=TODOS, status=1, listaCNPJ=[04585532000199], settings=SettingsDTO [idModulo=0, idSistema=5, qtdeUsers=1, statusFin=N, habilitado=A, observacao=]]]], SistemaDTO [id=6, sistema=CONTABIL, modulos=[ModuloDTO [id=0, modulo=TODOS, status=1, listaCNPJ=[04585532000199], settings=SettingsDTO [idModulo=0, idSistema=6, qtdeUsers=1, statusFin=N, habilitado=A, observacao=]]]], SistemaDTO [id=7, sistema=FOLHA, modulos=[ModuloDTO [id=0, modulo=TODOS, status=1, listaCNPJ=[04585532000199], settings=SettingsDTO [idModulo=0, idSistema=7, qtdeUsers=1, statusFin=N, habilitado=A, observacao=]]]]]], assinatura=033cd71236c57ac7832fb61bad5bfe7c]
2025-08-19 18:41:13 [main] INFO  c.c.s.SecuritycontabilApplication - Starting SecuritycontabilApplication using Java 21.0.6 with PID 7512 (D:\testejava\securitycontabil\target\classes started by heleno in D:\testejava\securitycontabil)
2025-08-19 18:41:13 [main] INFO  c.c.s.SecuritycontabilApplication - The following 1 profile is active: "test"
2025-08-19 18:41:15 [main] INFO  o.s.b.w.e.tomcat.TomcatWebServer - Tomcat initialized with port 8585 (http)
2025-08-19 18:41:15 [main] INFO  o.a.coyote.http11.Http11NioProtocol - Initializing ProtocolHandler ["http-nio-8585"]
2025-08-19 18:41:15 [main] INFO  o.a.catalina.core.StandardService - Starting service [Tomcat]
2025-08-19 18:41:15 [main] INFO  o.a.catalina.core.StandardEngine - Starting Servlet engine: [Apache Tomcat/10.1.43]
2025-08-19 18:41:15 [main] INFO  o.a.c.c.C.[Tomcat].[localhost].[/] - Initializing Spring embedded WebApplicationContext
2025-08-19 18:41:15 [main] INFO  o.s.b.w.s.c.ServletWebServerApplicationContext - Root WebApplicationContext: initialization completed in 1898 ms
2025-08-19 18:41:15 [main] INFO  o.a.coyote.http11.Http11NioProtocol - Starting ProtocolHandler ["http-nio-8585"]
2025-08-19 18:41:15 [main] WARN  o.s.b.w.s.c.AnnotationConfigServletWebServerApplicationContext - Exception encountered during context initialization - cancelling refresh attempt: org.springframework.context.ApplicationContextException: Failed to start bean 'webServerStartStop'
2025-08-19 18:41:15 [main] INFO  o.s.b.a.l.ConditionEvaluationReportLogger - 

Error starting ApplicationContext. To display the condition evaluation report re-run your application with 'debug' enabled.
2025-08-19 18:41:15 [main] ERROR o.s.b.d.LoggingFailureAnalysisReporter - 

***************************
APPLICATION FAILED TO START
***************************

Description:

Web server failed to start. Port 8585 was already in use.

Action:

Identify and stop the process that's listening on port 8585 or configure this application to listen on another port.

2025-08-19 18:42:04 [main] INFO  c.c.s.SecuritycontabilApplication - Starting SecuritycontabilApplication using Java 21.0.6 with PID 15872 (D:\testejava\securitycontabil\target\classes started by heleno in D:\testejava\securitycontabil)
2025-08-19 18:42:04 [main] INFO  c.c.s.SecuritycontabilApplication - The following 1 profile is active: "test"
2025-08-19 18:42:07 [main] INFO  o.s.b.w.e.tomcat.TomcatWebServer - Tomcat initialized with port 8585 (http)
2025-08-19 18:42:07 [main] INFO  o.a.coyote.http11.Http11NioProtocol - Initializing ProtocolHandler ["http-nio-8585"]
2025-08-19 18:42:07 [main] INFO  o.a.catalina.core.StandardService - Starting service [Tomcat]
2025-08-19 18:42:07 [main] INFO  o.a.catalina.core.StandardEngine - Starting Servlet engine: [Apache Tomcat/10.1.43]
2025-08-19 18:42:08 [main] INFO  o.a.c.c.C.[Tomcat].[localhost].[/] - Initializing Spring embedded WebApplicationContext
2025-08-19 18:42:08 [main] INFO  o.s.b.w.s.c.ServletWebServerApplicationContext - Root WebApplicationContext: initialization completed in 3157 ms
2025-08-19 18:42:10 [main] INFO  o.a.coyote.http11.Http11NioProtocol - Starting ProtocolHandler ["http-nio-8585"]
2025-08-19 18:42:10 [main] INFO  o.s.b.w.e.tomcat.TomcatWebServer - Tomcat started on port 8585 (http) with context path '/'
2025-08-19 18:42:10 [main] INFO  c.c.s.SecuritycontabilApplication - Started SecuritycontabilApplication in 7.333 seconds (process running for 9.706)
2025-08-19 18:42:10 [main] INFO  c.c.s.services.TokenService - >>> Enviando JSON para API externa: {"cnpj":"04585532000199","password":""}
2025-08-19 18:42:13 [main] INFO  c.c.s.services.TokenService - >>> JSON salvo com sucesso em: C:/conttrol/token_contabilidade_04585532000199.json
2025-08-19 18:42:13 [main] INFO  c.c.s.services.TokenService - >>> Servidor DTO recebido: ServidorDTO [id=1014-71C7-A96A-6C41-1CA2-B745-B930-1AAD_00000000000000, idServidor=1014-71C7-A96A-6C41-1CA2-B745-B930-1AAD, grupo=, nome=DAX OIL REFINARIA - NOVO2, criacao=2025-04-14T09:38:53.015125600, listaCNPJ=[04585532000199, 04585532000350], sistemas=[SistemaDTO [id=5, sistema=FISCAL, modulos=[ModuloDTO [id=0, modulo=TODOS, status=1, listaCNPJ=[04585532000199], settings=SettingsDTO [idModulo=0, idSistema=5, qtdeUsers=1, statusFin=N, habilitado=A, observacao=]]]], SistemaDTO [id=6, sistema=CONTABIL, modulos=[ModuloDTO [id=0, modulo=TODOS, status=1, listaCNPJ=[04585532000199], settings=SettingsDTO [idModulo=0, idSistema=6, qtdeUsers=1, statusFin=N, habilitado=A, observacao=]]]], SistemaDTO [id=7, sistema=FOLHA, modulos=[ModuloDTO [id=0, modulo=TODOS, status=1, listaCNPJ=[04585532000199], settings=SettingsDTO [idModulo=0, idSistema=7, qtdeUsers=1, statusFin=N, habilitado=A, observacao=]]]]]]
2025-08-19 18:42:13 [main] INFO  c.c.s.services.TokenService - >>> Lista de sistemas: [SistemaDTO [id=5, sistema=FISCAL, modulos=[ModuloDTO [id=0, modulo=TODOS, status=1, listaCNPJ=[04585532000199], settings=SettingsDTO [idModulo=0, idSistema=5, qtdeUsers=1, statusFin=N, habilitado=A, observacao=]]]], SistemaDTO [id=6, sistema=CONTABIL, modulos=[ModuloDTO [id=0, modulo=TODOS, status=1, listaCNPJ=[04585532000199], settings=SettingsDTO [idModulo=0, idSistema=6, qtdeUsers=1, statusFin=N, habilitado=A, observacao=]]]], SistemaDTO [id=7, sistema=FOLHA, modulos=[ModuloDTO [id=0, modulo=TODOS, status=1, listaCNPJ=[04585532000199], settings=SettingsDTO [idModulo=0, idSistema=7, qtdeUsers=1, statusFin=N, habilitado=A, observacao=]]]]]
2025-08-19 18:42:13 [main] INFO  c.c.s.services.TokenService - >>> Sistema: SistemaDTO [id=5, sistema=FISCAL, modulos=[ModuloDTO [id=0, modulo=TODOS, status=1, listaCNPJ=[04585532000199], settings=SettingsDTO [idModulo=0, idSistema=5, qtdeUsers=1, statusFin=N, habilitado=A, observacao=]]]]
2025-08-19 18:42:13 [main] INFO  c.c.s.services.TokenService - >>> Módulo: ModuloDTO [id=0, modulo=TODOS, status=1, listaCNPJ=[04585532000199], settings=SettingsDTO [idModulo=0, idSistema=5, qtdeUsers=1, statusFin=N, habilitado=A, observacao=]]
2025-08-19 18:42:13 [main] INFO  c.c.s.services.TokenService - >>> Settings do módulo: SettingsDTO [idModulo=0, idSistema=5, qtdeUsers=1, statusFin=N, habilitado=A, observacao=]
2025-08-19 18:42:13 [main] INFO  c.c.s.services.TokenService - >>> Sistema: SistemaDTO [id=6, sistema=CONTABIL, modulos=[ModuloDTO [id=0, modulo=TODOS, status=1, listaCNPJ=[04585532000199], settings=SettingsDTO [idModulo=0, idSistema=6, qtdeUsers=1, statusFin=N, habilitado=A, observacao=]]]]
2025-08-19 18:42:13 [main] INFO  c.c.s.services.TokenService - >>> Módulo: ModuloDTO [id=0, modulo=TODOS, status=1, listaCNPJ=[04585532000199], settings=SettingsDTO [idModulo=0, idSistema=6, qtdeUsers=1, statusFin=N, habilitado=A, observacao=]]
2025-08-19 18:42:13 [main] INFO  c.c.s.services.TokenService - >>> Settings do módulo: SettingsDTO [idModulo=0, idSistema=6, qtdeUsers=1, statusFin=N, habilitado=A, observacao=]
2025-08-19 18:42:13 [main] INFO  c.c.s.services.TokenService - >>> Sistema: SistemaDTO [id=7, sistema=FOLHA, modulos=[ModuloDTO [id=0, modulo=TODOS, status=1, listaCNPJ=[04585532000199], settings=SettingsDTO [idModulo=0, idSistema=7, qtdeUsers=1, statusFin=N, habilitado=A, observacao=]]]]
2025-08-19 18:42:13 [main] INFO  c.c.s.services.TokenService - >>> Módulo: ModuloDTO [id=0, modulo=TODOS, status=1, listaCNPJ=[04585532000199], settings=SettingsDTO [idModulo=0, idSistema=7, qtdeUsers=1, statusFin=N, habilitado=A, observacao=]]
2025-08-19 18:42:13 [main] INFO  c.c.s.services.TokenService - >>> Settings do módulo: SettingsDTO [idModulo=0, idSistema=7, qtdeUsers=1, statusFin=N, habilitado=A, observacao=]
2025-08-19 18:42:13 [main] INFO  c.c.s.services.TokenService - >>> DTO recebido: TokenRetornoApiContabilidadeDTO [id=f230f588d6455f6ce563566b7a707443, cnpj=04585532000199, validade=2025-08-20T18:42:13.789421700, servidor=ServidorDTO [id=1014-71C7-A96A-6C41-1CA2-B745-B930-1AAD_00000000000000, idServidor=1014-71C7-A96A-6C41-1CA2-B745-B930-1AAD, grupo=, nome=DAX OIL REFINARIA - NOVO2, criacao=2025-04-14T09:38:53.015125600, listaCNPJ=[04585532000199, 04585532000350], sistemas=[SistemaDTO [id=5, sistema=FISCAL, modulos=[ModuloDTO [id=0, modulo=TODOS, status=1, listaCNPJ=[04585532000199], settings=SettingsDTO [idModulo=0, idSistema=5, qtdeUsers=1, statusFin=N, habilitado=A, observacao=]]]], SistemaDTO [id=6, sistema=CONTABIL, modulos=[ModuloDTO [id=0, modulo=TODOS, status=1, listaCNPJ=[04585532000199], settings=SettingsDTO [idModulo=0, idSistema=6, qtdeUsers=1, statusFin=N, habilitado=A, observacao=]]]], SistemaDTO [id=7, sistema=FOLHA, modulos=[ModuloDTO [id=0, modulo=TODOS, status=1, listaCNPJ=[04585532000199], settings=SettingsDTO [idModulo=0, idSistema=7, qtdeUsers=1, statusFin=N, habilitado=A, observacao=]]]]]], assinatura=df55afa9b3fc2294c24dc70edd1c3204]
2025-08-19 18:42:33 [RMI TCP Connection(8)-127.0.0.1] INFO  o.s.b.a.SpringApplicationAdminMXBeanRegistrar$SpringApplicationAdmin - Application shutdown requested.
2025-08-19 18:42:33 [RMI TCP Connection(8)-127.0.0.1] INFO  o.s.b.w.e.tomcat.GracefulShutdown - Commencing graceful shutdown. Waiting for active requests to complete
2025-08-19 18:42:33 [tomcat-shutdown] INFO  o.a.coyote.http11.Http11NioProtocol - Pausing ProtocolHandler ["http-nio-8585"]
2025-08-19 18:42:33 [tomcat-shutdown] INFO  o.s.b.w.e.tomcat.GracefulShutdown - Graceful shutdown complete
2025-08-19 18:42:33 [RMI TCP Connection(8)-127.0.0.1] INFO  o.a.coyote.http11.Http11NioProtocol - Stopping ProtocolHandler ["http-nio-8585"]
